Gamify/Library/Bee/Android/Prj/IL2CPP/Gradle/unityLibrary/build/intermediates/manifest_merge_blame_file/debug/manifest-merger-blame-debug-report.txt
1<?xml version="1.0" encoding="utf-8"?>
2<manifest xmlns:android="http://schemas.android.com/apk/res/android"
3    xmlns:tools="http://schemas.android.com/tools"
4    package="com.unity3d.player" >
5
6    <uses-sdk
7        android:minSdkVersion="23"
7-->src\main\AndroidManifest.xml
8        android:targetSdkVersion="33" />
8-->src\main\AndroidManifest.xml
9
10    <uses-permission android:name="android.permission.INTERNET" />
10-->src\main\AndroidManifest.xml:3:3-65
10-->src\main\AndroidManifest.xml:3:20-62
11
12    <uses-feature android:glEsVersion="0x00030000" />
12-->src\main\AndroidManifest.xml:4:3-52
12-->src\main\AndroidManifest.xml:4:17-49
13    <uses-feature
13-->src\main\AndroidManifest.xml:5:3-91
14        android:name="android.hardware.vulkan.version"
14-->src\main\AndroidManifest.xml:5:17-63
15        android:required="false" />
15-->src\main\AndroidManifest.xml:5:64-88
16    <uses-feature
16-->src\main\AndroidManifest.xml:6:3-88
17        android:name="android.hardware.touchscreen"
17-->src\main\AndroidManifest.xml:6:17-60
18        android:required="false" />
18-->src\main\AndroidManifest.xml:6:61-85
19    <uses-feature
19-->src\main\AndroidManifest.xml:7:3-99
20        android:name="android.hardware.touchscreen.multitouch"
20-->src\main\AndroidManifest.xml:7:17-71
21        android:required="false" />
21-->src\main\AndroidManifest.xml:7:72-96
22    <uses-feature
22-->src\main\AndroidManifest.xml:8:3-108
23        android:name="android.hardware.touchscreen.multitouch.distinct"
23-->src\main\AndroidManifest.xml:8:17-80
24        android:required="false" />
24-->src\main\AndroidManifest.xml:8:81-105
25
26    <application android:extractNativeLibs="true" >
26-->src\main\AndroidManifest.xml:9:3-25:17
26-->src\main\AndroidManifest.xml:9:16-48
27        <meta-data
27-->src\main\AndroidManifest.xml:10:5-69
28            android:name="unity.splash-mode"
28-->src\main\AndroidManifest.xml:10:16-48
29            android:value="0" />
29-->src\main\AndroidManifest.xml:10:49-66
30        <meta-data
30-->src\main\AndroidManifest.xml:11:5-74
31            android:name="unity.splash-enable"
31-->src\main\AndroidManifest.xml:11:16-50
32            android:value="True" />
32-->src\main\AndroidManifest.xml:11:51-71
33        <meta-data
33-->src\main\AndroidManifest.xml:12:5-78
34            android:name="unity.launch-fullscreen"
34-->src\main\AndroidManifest.xml:12:16-54
35            android:value="True" />
35-->src\main\AndroidManifest.xml:12:55-75
36        <meta-data
36-->src\main\AndroidManifest.xml:13:5-81
37            android:name="notch.config"
37-->src\main\AndroidManifest.xml:13:16-43
38            android:value="portrait|landscape" />
38-->src\main\AndroidManifest.xml:13:44-78
39        <meta-data
39-->src\main\AndroidManifest.xml:14:5-84
40            android:name="unity.auto-report-fully-drawn"
40-->src\main\AndroidManifest.xml:14:16-60
41            android:value="true" />
41-->src\main\AndroidManifest.xml:14:61-81
42        <meta-data
42-->src\main\AndroidManifest.xml:15:5-78
43            android:name="unity.strip-engine-code"
43-->src\main\AndroidManifest.xml:15:16-54
44            android:value="true" />
44-->src\main\AndroidManifest.xml:15:55-75
45
46        <activity
46-->src\main\AndroidManifest.xml:16:5-24:16
47            android:name="com.unity3d.player.UnityPlayerGameActivity"
47-->src\main\AndroidManifest.xml:16:312-369
48            android:configChanges="mcc|mnc|locale|touchscreen|keyboard|keyboardHidden|navigation|orientation|screenLayout|uiMode|screenSize|smallestScreenSize|fontScale|layoutDirection|density"
48-->src\main\AndroidManifest.xml:16:15-196
49            android:enabled="true"
49-->src\main\AndroidManifest.xml:16:197-219
50            android:exported="true"
50-->src\main\AndroidManifest.xml:16:220-243
51            android:hardwareAccelerated="false"
51-->src\main\AndroidManifest.xml:16:244-279
52            android:launchMode="singleTask"
52-->src\main\AndroidManifest.xml:16:280-311
53            android:resizeableActivity="false"
53-->src\main\AndroidManifest.xml:16:370-404
54            android:screenOrientation="fullUser"
54-->src\main\AndroidManifest.xml:16:405-441
55            android:theme="@style/BaseUnityGameActivityTheme" >
55-->src\main\AndroidManifest.xml:16:442-491
56            <intent-filter>
56-->src\main\AndroidManifest.xml:17:7-20:23
57                <category android:name="android.intent.category.LAUNCHER" />
57-->src\main\AndroidManifest.xml:18:9-69
57-->src\main\AndroidManifest.xml:18:19-66
58
59                <action android:name="android.intent.action.MAIN" />
59-->src\main\AndroidManifest.xml:19:9-61
59-->src\main\AndroidManifest.xml:19:17-58
60            </intent-filter>
61
62            <meta-data
62-->src\main\AndroidManifest.xml:21:7-82
63                android:name="unityplayer.UnityActivity"
63-->src\main\AndroidManifest.xml:21:18-58
64                android:value="true" />
64-->src\main\AndroidManifest.xml:21:59-79
65            <meta-data
65-->src\main\AndroidManifest.xml:22:7-77
66                android:name="android.app.lib_name"
66-->src\main\AndroidManifest.xml:22:18-53
67                android:value="game" />
67-->src\main\AndroidManifest.xml:22:54-74
68            <meta-data
68-->src\main\AndroidManifest.xml:23:7-70
69                android:name="notch_support"
69-->src\main\AndroidManifest.xml:23:18-46
70                android:value="true" />
70-->src\main\AndroidManifest.xml:23:47-67
71        </activity>
72    </application>
73
74</manifest>